<?xml version="1.0" encoding="UTF-8"?>
<testng-results ignored="0" total="1" passed="1" failed="0" skipped="0">
  <reporter-output>
  </reporter-output>
  <suite started-at="2024-07-08T22:03:55 IST" name="Suite" finished-at="2024-07-08T22:04:14 IST" duration-ms="19279">
    <groups>
    </groups>
    <test started-at="2024-07-08T22:03:55 IST" name="Test" finished-at="2024-07-08T22:04:14 IST" duration-ms="19279">
      <class name="testcases.LoginTest">
        <test-method signature="testValidLogin()[pri:0, instance:testcases.LoginTest@71809907]" started-at="2024-07-08T22:03:55 IST" name="testValidLogin" finished-at="2024-07-08T22:04:14 IST" duration-ms="19228" status="PASS">
          <reporter-output>
          </reporter-output>
        </test-method> <!-- testValidLogin -->
      </class> <!-- testcases.LoginTest -->
    </test> <!-- Test -->
  </suite> <!-- Suite -->
</testng-results>
