<?xml version="1.0" encoding="UTF-8"?>
<testng-results ignored="0" total="1" passed="1" failed="0" skipped="0">
  <reporter-output>
  </reporter-output>
  <suite started-at="2024-07-08T20:30:01 IST" name="Suite" finished-at="2024-07-08T20:30:12 IST" duration-ms="11531">
    <groups>
    </groups>
    <test started-at="2024-07-08T20:30:01 IST" name="Test" finished-at="2024-07-08T20:30:12 IST" duration-ms="11531">
      <class name="testcases.LoginTest">
        <test-method signature="testValidLogin()[pri:0, instance:testcases.LoginTest@5b247367]" started-at="2024-07-08T20:30:01 IST" name="testValidLogin" finished-at="2024-07-08T20:30:12 IST" duration-ms="11492" status="PASS">
          <reporter-output>
          </reporter-output>
        </test-method> <!-- testValidLogin -->
      </class> <!-- testcases.LoginTest -->
    </test> <!-- Test -->
  </suite> <!-- Suite -->
</testng-results>
